26
-3469835 -1345920 -5806359
-69858 -2256802 -3638746
-5476263 6565550 -416467
-5140214 -6463666 9735578
9091456 2123291 4922559
2128795 6693025 -9787613
-5371175 9982466 -5070113
-5162867 5891629 -6688382
-284365 -6861767 -8996702
9386225 -183739 -994105
9385646 -6808234 -8798289
-5987741 7645078 -9632449
-2409862 -3605087 3440346
-8012399 7857689 1509767
3456613 -2376452 -1240004
2007665 -6467921 -4236697
3581398 5511429 5996672
-4031979 -1007503 -4590262
395338 -5021086 -9430927
-4547463 4120588 -7254818
9174029 1039320 801921
8959793 4179689 -4377490
-3689955 -3105393 7480532
3091719 -6006390 -7795877
596952 8041064 -6053709
-8104461 1720835 -2327488